#! /usr/local/iverilog/bin/vvp
:ivl_version "11.0 (devel)" "(s20150603-642-g3bdb50da)";
:ivl_delay_selection "TYPICAL";
:vpi_time_precision - 12;
:vpi_module "system";
:vpi_module "vhdl_sys";
:vpi_module "vhdl_textio";
:vpi_module "v2005_math";
:vpi_module "va_math";
S_0000000000875560 .scope module, "calcu16_tb" "calcu16_tb" 2 3;
 .timescale -9 -12;
v0000000000873930_0 .var "clk", 0 0;
S_00000000008756f0 .scope module, "processor" "calcu16" 2 6, 3 1 0, S_0000000000875560;
 .timescale -9 -12;
    .port_info 0 /INPUT 1 "clk";
v0000000000875880_0 .net "clk", 0 0, v0000000000873930_0;  1 drivers
v00000000009eb910_0 .var/i "i", 31 0;
v00000000009e8ae0_0 .var "immediate", 0 15;
v00000000009e93d0_0 .var "ir", 0 25;
v00000000009e9470 .array "memory", 65535 0, 0 25;
v00000000009e9510_0 .var "opcode", 0 3;
v00000000009e95b0_0 .var "pc", 0 15;
v00000000009e9650 .array "regArray", 7 0, 0 15;
v00000000009e96f0_0 .var "regSel1", 0 2;
v00000000009e9790_0 .var "regSel2", 0 2;
v0000000000873890_0 .var "regSel3", 0 2;
E_0000000000865b10 .event posedge, v0000000000875880_0;
    .scope S_00000000008756f0;
T_0 ;
    %pushi/vec4 0, 0, 16;
    %store/vec4 v00000000009e95b0_0, 0, 16;
    %end;
    .thread T_0;
    .scope S_00000000008756f0;
T_1 ;
    %pushi/vec4 0, 0, 32;
    %store/vec4 v00000000009eb910_0, 0, 32;
T_1.0 ;
    %load/vec4 v00000000009eb910_0;
    %cmpi/s 8, 0, 32;
    %jmp/0xz T_1.1, 5;
    %pushi/vec4 0, 0, 16;
    %ix/getv/s 3, v00000000009eb910_0;
    %ix/load 4, 0, 0; Constant delay
    %assign/vec4/a/d v00000000009e9650, 0, 4;
    %load/vec4 v00000000009eb910_0;
    %addi 1, 0, 32;
    %store/vec4 v00000000009eb910_0, 0, 32;
    %jmp T_1.0;
T_1.1 ;
    %vpi_call 3 27 "$readmemb", "program.bin", v00000000009e9470 {0 0 0};
    %vpi_call 3 33 "$monitor", "r0 = %b\012r1 = %b\012r2 = %b\012r3 = %b\012r4 = %b\012r5 = %b\012r6 = %b\012r7 = %b\012\012", &A<v00000000009e9650, 0>, &A<v00000000009e9650, 1>, &A<v00000000009e9650, 2>, &A<v00000000009e9650, 3>, &A<v00000000009e9650, 4>, &A<v00000000009e9650, 5>, &A<v00000000009e9650, 6>, &A<v00000000009e9650, 7> {0 0 0};
    %end;
    .thread T_1;
    .scope S_00000000008756f0;
T_2 ;
    %wait E_0000000000865b10;
    %load/vec4 v00000000009e95b0_0;
    %pad/u 18;
    %ix/vec4 4;
    %load/vec4a v00000000009e9470, 4;
    %store/vec4 v00000000009e93d0_0, 0, 26;
    %load/vec4 v00000000009e93d0_0;
    %parti/s 4, 22, 6;
    %store/vec4 v00000000009e9510_0, 0, 4;
    %load/vec4 v00000000009e93d0_0;
    %parti/s 3, 19, 6;
    %store/vec4 v00000000009e96f0_0, 0, 3;
    %load/vec4 v00000000009e93d0_0;
    %parti/s 3, 16, 6;
    %store/vec4 v00000000009e9790_0, 0, 3;
    %load/vec4 v00000000009e93d0_0;
    %parti/s 3, 13, 5;
    %store/vec4 v0000000000873890_0, 0, 3;
    %load/vec4 v00000000009e93d0_0;
    %parti/s 16, 0, 2;
    %store/vec4 v00000000009e8ae0_0, 0, 16;
    %load/vec4 v00000000009e95b0_0;
    %addi 1, 0, 16;
    %store/vec4 v00000000009e95b0_0, 0, 16;
    %load/vec4 v00000000009e9510_0;
    %dup/vec4;
    %pushi/vec4 1, 0, 4;
    %cmp/u;
    %jmp/1 T_2.0, 6;
    %dup/vec4;
    %pushi/vec4 2, 0, 4;
    %cmp/u;
    %jmp/1 T_2.1, 6;
    %dup/vec4;
    %pushi/vec4 3, 0, 4;
    %cmp/u;
    %jmp/1 T_2.2, 6;
    %dup/vec4;
    %pushi/vec4 4, 0, 4;
    %cmp/u;
    %jmp/1 T_2.3, 6;
    %dup/vec4;
    %pushi/vec4 5, 0, 4;
    %cmp/u;
    %jmp/1 T_2.4, 6;
    %dup/vec4;
    %pushi/vec4 6, 0, 4;
    %cmp/u;
    %jmp/1 T_2.5, 6;
    %dup/vec4;
    %pushi/vec4 7, 0, 4;
    %cmp/u;
    %jmp/1 T_2.6, 6;
    %dup/vec4;
    %pushi/vec4 8, 0, 4;
    %cmp/u;
    %jmp/1 T_2.7, 6;
    %jmp T_2.8;
T_2.0 ;
    %load/vec4 v00000000009e9790_0;
    %pad/u 5;
    %ix/vec4 4;
    %load/vec4a v00000000009e9650, 4;
    %load/vec4 v0000000000873890_0;
    %pad/u 5;
    %ix/vec4 4;
    %load/vec4a v00000000009e9650, 4;
    %add;
    %load/vec4 v00000000009e96f0_0;
    %pad/u 5;
    %ix/vec4 4;
    %store/vec4a v00000000009e9650, 4, 0;
    %jmp T_2.8;
T_2.1 ;
    %load/vec4 v00000000009e9790_0;
    %pad/u 5;
    %ix/vec4 4;
    %load/vec4a v00000000009e9650, 4;
    %load/vec4 v00000000009e8ae0_0;
    %add;
    %load/vec4 v00000000009e96f0_0;
    %pad/u 5;
    %ix/vec4 4;
    %store/vec4a v00000000009e9650, 4, 0;
    %jmp T_2.8;
T_2.2 ;
    %load/vec4 v00000000009e8ae0_0;
    %store/vec4 v00000000009e95b0_0, 0, 16;
    %jmp T_2.8;
T_2.3 ;
    %load/vec4 v00000000009e96f0_0;
    %pad/u 5;
    %ix/vec4 4;
    %load/vec4a v00000000009e9650, 4;
    %load/vec4 v00000000009e9790_0;
    %pad/u 5;
    %ix/vec4 4;
    %load/vec4a v00000000009e9650, 4;
    %cmp/e;
    %flag_mov 8, 4;
    %jmp/0 T_2.9, 8;
    %load/vec4 v00000000009e8ae0_0;
    %jmp/1 T_2.10, 8;
T_2.9 ; End of true expr.
    %load/vec4 v00000000009e95b0_0;
    %jmp/0 T_2.10, 8;
 ; End of false expr.
    %blend;
T_2.10;
    %store/vec4 v00000000009e95b0_0, 0, 16;
    %jmp T_2.8;
T_2.4 ;
    %load/vec4 v00000000009e96f0_0;
    %pad/u 5;
    %ix/vec4 4;
    %load/vec4a v00000000009e9650, 4;
    %pad/u 26;
    %load/vec4 v00000000009e8ae0_0;
    %pad/u 17;
    %load/vec4 v00000000009e9790_0;
    %pad/u 5;
    %ix/vec4 5;
    %load/vec4a v00000000009e9650, 5;
    %pad/u 17;
    %add;
    %pad/u 18;
    %ix/vec4 4;
    %store/vec4a v00000000009e9470, 4, 0;
    %jmp T_2.8;
T_2.5 ;
    %load/vec4 v00000000009e8ae0_0;
    %pad/u 17;
    %load/vec4 v00000000009e9790_0;
    %pad/u 5;
    %ix/vec4 5;
    %load/vec4a v00000000009e9650, 5;
    %pad/u 17;
    %add;
    %pad/u 18;
    %ix/vec4 4;
    %load/vec4a v00000000009e9470, 4;
    %pad/u 16;
    %load/vec4 v00000000009e96f0_0;
    %pad/u 5;
    %ix/vec4 4;
    %store/vec4a v00000000009e9650, 4, 0;
    %jmp T_2.8;
T_2.6 ;
    %load/vec4 v00000000009e9790_0;
    %pad/u 5;
    %ix/vec4 4;
    %load/vec4a v00000000009e9650, 4;
    %load/vec4 v0000000000873890_0;
    %pad/u 5;
    %ix/vec4 4;
    %load/vec4a v00000000009e9650, 4;
    %xor;
    %load/vec4 v00000000009e96f0_0;
    %pad/u 5;
    %ix/vec4 4;
    %store/vec4a v00000000009e9650, 4, 0;
    %jmp T_2.8;
T_2.7 ;
    %load/vec4 v00000000009e9790_0;
    %pad/u 5;
    %ix/vec4 4;
    %load/vec4a v00000000009e9650, 4;
    %load/vec4 v0000000000873890_0;
    %pad/u 5;
    %ix/vec4 4;
    %load/vec4a v00000000009e9650, 4;
    %and;
    %load/vec4 v00000000009e96f0_0;
    %pad/u 5;
    %ix/vec4 4;
    %store/vec4a v00000000009e9650, 4, 0;
    %jmp T_2.8;
T_2.8 ;
    %pop/vec4 1;
    %jmp T_2;
    .thread T_2;
    .scope S_0000000000875560;
T_3 ;
    %vpi_call 2 9 "$dumpfile", "dump.vcd" {0 0 0};
    %pushi/vec4 1, 0, 1;
    %assign/vec4 v0000000000873930_0, 0;
    %delay 1000000, 0;
    %vpi_call 2 16 "$finish" {0 0 0};
    %end;
    .thread T_3;
    .scope S_0000000000875560;
T_4 ;
    %delay 1000, 0;
    %load/vec4 v0000000000873930_0;
    %inv;
    %store/vec4 v0000000000873930_0, 0, 1;
    %jmp T_4;
    .thread T_4;
# The file index is used to find the file name in the following table.
:file_names 4;
    "N/A";
    "<interactive>";
    "core_tb.v";
    "core.v";
